<?xml version="1.0" encoding="UTF-8"?>
<testsuite xmlns:xsi="http://www.w3.org/2001/XMLSchema-instance" xsi:noNamespaceSchemaLocation="https://maven.apache.org/surefire/maven-surefire-plugin/xsd/surefire-test-report.xsd" name="com.ssvep.dao.AnalysisReportsDaoTest" time="0.081" tests="4" errors="0" skipped="0" failures="0">
  <properties>
[...]
</properties>
  <testcase name="testGetAllReports" classname="com.ssvep.dao.AnalysisReportsDaoTest" time="0.048"/>
  <testcase name="testUpdateReport" classname="com.ssvep.dao.AnalysisReportsDaoTest" time="0.012"/>
  <testcase name="testDeleteReport" classname="com.ssvep.dao.AnalysisReportsDaoTest" time="0.012"/>
  <testcase name="testSaveReport" classname="com.ssvep.dao.AnalysisReportsDaoTest" time="0.008"/>
</testsuite>